\BOOKMARK [0][-]{chapter.1}{\376\377\000D\000a\000t\000a\000\040\000S\000t\000r\000u\000c\000t\000u\000r\000e\000\040\000I\000n\000d\000e\000x}{}
\BOOKMARK [1][-]{section.1.1}{\376\377\000D\000a\000t\000a\000\040\000S\000t\000r\000u\000c\000t\000u\000r\000e\000s}{chapter.1}
\BOOKMARK [0][-]{chapter.2}{\376\377\000F\000i\000l\000e\000\040\000I\000n\000d\000e\000x}{}
\BOOKMARK [1][-]{section.2.1}{\376\377\000F\000i\000l\000e\000\040\000L\000i\000s\000t}{chapter.2}
\BOOKMARK [0][-]{chapter.3}{\376\377\000D\000a\000t\000a\000\040\000S\000t\000r\000u\000c\000t\000u\000r\000e\000\040\000D\000o\000c\000u\000m\000e\000n\000t\000a\000t\000i\000o\000n}{}
\BOOKMARK [1][-]{section.3.1}{\376\377\000e\000q\000u\000i\000p\000a\000\040\000S\000t\000r\000u\000c\000t\000\040\000R\000e\000f\000e\000r\000e\000n\000c\000e}{chapter.3}
\BOOKMARK [2][-]{subsection.3.1.1}{\376\377\000D\000e\000t\000a\000i\000l\000e\000d\000\040\000D\000e\000s\000c\000r\000i\000p\000t\000i\000o\000n}{section.3.1}
\BOOKMARK [2][-]{subsection.3.1.2}{\376\377\000F\000i\000e\000l\000d\000\040\000D\000o\000c\000u\000m\000e\000n\000t\000a\000t\000i\000o\000n}{section.3.1}
\BOOKMARK [3][-]{subsubsection.3.1.2.1}{\376\377\000a\000t\000i\000v\000o}{subsection.3.1.2}
\BOOKMARK [3][-]{subsubsection.3.1.2.2}{\376\377\000d\000e\000r\000r\000o\000t\000a\000s}{subsection.3.1.2}
\BOOKMARK [3][-]{subsubsection.3.1.2.3}{\376\377\000e\000m\000p\000a\000t\000e\000s}{subsection.3.1.2}
\BOOKMARK [3][-]{subsubsection.3.1.2.4}{\376\377\000i\000d}{subsection.3.1.2}
\BOOKMARK [3][-]{subsubsection.3.1.2.5}{\376\377\000l\000i\000s\000t\000a}{subsection.3.1.2}
\BOOKMARK [3][-]{subsubsection.3.1.2.6}{\376\377\000n\000o\000m\000e}{subsection.3.1.2}
\BOOKMARK [3][-]{subsubsection.3.1.2.7}{\376\377\000v\000i\000t\000o\000r\000i\000a\000s}{subsection.3.1.2}
\BOOKMARK [1][-]{section.3.2}{\376\377\000j\000o\000g\000a\000d\000o\000r\000\040\000S\000t\000r\000u\000c\000t\000\040\000R\000e\000f\000e\000r\000e\000n\000c\000e}{chapter.3}
\BOOKMARK [2][-]{subsection.3.2.1}{\376\377\000D\000e\000t\000a\000i\000l\000e\000d\000\040\000D\000e\000s\000c\000r\000i\000p\000t\000i\000o\000n}{section.3.2}
\BOOKMARK [2][-]{subsection.3.2.2}{\376\377\000F\000i\000e\000l\000d\000\040\000D\000o\000c\000u\000m\000e\000n\000t\000a\000t\000i\000o\000n}{section.3.2}
\BOOKMARK [3][-]{subsubsection.3.2.2.1}{\376\377\000a\000n\000o\000\137\000e\000n\000t\000r\000a\000d\000a}{subsection.3.2.2}
\BOOKMARK [3][-]{subsubsection.3.2.2.2}{\376\377\000a\000t\000i\000v\000o}{subsection.3.2.2}
\BOOKMARK [3][-]{subsubsection.3.2.2.3}{\376\377\000e\000q}{subsection.3.2.2}
\BOOKMARK [3][-]{subsubsection.3.2.2.4}{\376\377\000g\000o\000l\000o\000s}{subsection.3.2.2}
\BOOKMARK [3][-]{subsubsection.3.2.2.5}{\376\377\000i\000d\000a\000d\000e}{subsection.3.2.2}
\BOOKMARK [3][-]{subsubsection.3.2.2.6}{\376\377\000m\000o\000r\000a\000d\000a}{subsection.3.2.2}
\BOOKMARK [3][-]{subsubsection.3.2.2.7}{\376\377\000n\000o\000m\000e}{subsection.3.2.2}
\BOOKMARK [3][-]{subsubsection.3.2.2.8}{\376\377\000n\000u\000m\000\137\000c\000c}{subsection.3.2.2}
\BOOKMARK [3][-]{subsubsection.3.2.2.9}{\376\377\000p\000o\000s}{subsection.3.2.2}
\BOOKMARK [3][-]{subsubsection.3.2.2.10}{\376\377\000p\000o\000s\000\137\000l\000i\000s\000t}{subsection.3.2.2}
\BOOKMARK [3][-]{subsubsection.3.2.2.11}{\376\377\000t\000e\000l\000e\000f\000o\000n\000e}{subsection.3.2.2}
\BOOKMARK [1][-]{section.3.3}{\376\377\000r\000e\000s\000u\000l\000t\000a\000d\000o\000\040\000S\000t\000r\000u\000c\000t\000\040\000R\000e\000f\000e\000r\000e\000n\000c\000e}{chapter.3}
\BOOKMARK [2][-]{subsection.3.3.1}{\376\377\000D\000e\000t\000a\000i\000l\000e\000d\000\040\000D\000e\000s\000c\000r\000i\000p\000t\000i\000o\000n}{section.3.3}
\BOOKMARK [2][-]{subsection.3.3.2}{\376\377\000F\000i\000e\000l\000d\000\040\000D\000o\000c\000u\000m\000e\000n\000t\000a\000t\000i\000o\000n}{section.3.3}
\BOOKMARK [3][-]{subsubsection.3.3.2.1}{\376\377\000a\000t\000i\000v\000o}{subsection.3.3.2}
\BOOKMARK [3][-]{subsubsection.3.3.2.2}{\376\377\000d\000a\000t\000a}{subsection.3.3.2}
\BOOKMARK [3][-]{subsubsection.3.3.2.3}{\376\377\000e\000q\000u\000i\000p\000a\000\137\000a}{subsection.3.3.2}
\BOOKMARK [3][-]{subsubsection.3.3.2.4}{\376\377\000e\000q\000u\000i\000p\000a\000\137\000b}{subsection.3.3.2}
\BOOKMARK [3][-]{subsubsection.3.3.2.5}{\376\377\000g\000o\000l\000o\000s\000\137\000a}{subsection.3.3.2}
\BOOKMARK [3][-]{subsubsection.3.3.2.6}{\376\377\000g\000o\000l\000o\000s\000\137\000b}{subsection.3.3.2}
\BOOKMARK [3][-]{subsubsection.3.3.2.7}{\376\377\000i\000d}{subsection.3.3.2}
\BOOKMARK [3][-]{subsubsection.3.3.2.8}{\376\377\000l\000o\000c\000a\000l}{subsection.3.3.2}
\BOOKMARK [3][-]{subsubsection.3.3.2.9}{\376\377\000m\000a\000r\000c\000a\000d\000o\000r\000e\000s}{subsection.3.3.2}
\BOOKMARK [3][-]{subsubsection.3.3.2.10}{\376\377\000m\000a\000r\000c\000a\000d\000o\000s}{subsection.3.3.2}
\BOOKMARK [0][-]{chapter.4}{\376\377\000F\000i\000l\000e\000\040\000D\000o\000c\000u\000m\000e\000n\000t\000a\000t\000i\000o\000n}{}
\BOOKMARK [1][-]{section.4.1}{\376\377\000a\000f\000m\000.\000c\000\040\000F\000i\000l\000e\000\040\000R\000e\000f\000e\000r\000e\000n\000c\000e}{chapter.4}
\BOOKMARK [2][-]{subsection.4.1.1}{\376\377\000D\000e\000f\000i\000n\000e\000\040\000D\000o\000c\000u\000m\000e\000n\000t\000a\000t\000i\000o\000n}{section.4.1}
\BOOKMARK [3][-]{subsubsection.4.1.1.1}{\376\377\000E}{subsection.4.1.1}
\BOOKMARK [3][-]{subsubsection.4.1.1.2}{\376\377\000J}{subsection.4.1.1}
\BOOKMARK [3][-]{subsubsection.4.1.1.3}{\376\377\000R}{subsection.4.1.1}
\BOOKMARK [2][-]{subsection.4.1.2}{\376\377\000T\000y\000p\000e\000d\000e\000f\000\040\000D\000o\000c\000u\000m\000e\000n\000t\000a\000t\000i\000o\000n}{section.4.1}
\BOOKMARK [3][-]{subsubsection.4.1.2.1}{\376\377\000l\000i\000s\000t\000a\000e\000q\000u\000i\000p}{subsection.4.1.2}
\BOOKMARK [3][-]{subsubsection.4.1.2.2}{\376\377\000l\000i\000s\000t\000a\000j\000o\000g}{subsection.4.1.2}
\BOOKMARK [3][-]{subsubsection.4.1.2.3}{\376\377\000l\000i\000s\000t\000a\000r\000e\000s\000u\000l\000t}{subsection.4.1.2}
\BOOKMARK [2][-]{subsection.4.1.3}{\376\377\000F\000u\000n\000c\000t\000i\000o\000n\000\040\000D\000o\000c\000u\000m\000e\000n\000t\000a\000t\000i\000o\000n}{section.4.1}
\BOOKMARK [3][-]{subsubsection.4.1.3.1}{\376\377\000c\000a\000r\000r\000e\000g\000a\000\137\000d\000a\000d\000o\000s}{subsection.4.1.3}
\BOOKMARK [3][-]{subsubsection.4.1.3.2}{\376\377\000i\000n\000i\000t}{subsection.4.1.3}
\BOOKMARK [3][-]{subsubsection.4.1.3.3}{\376\377\000m\000a\000i\000n}{subsection.4.1.3}
\BOOKMARK [3][-]{subsubsection.4.1.3.4}{\376\377\000m\000e\000n\000u\000\137\0004}{subsection.4.1.3}
\BOOKMARK [3][-]{subsubsection.4.1.3.5}{\376\377\000m\000e\000n\000u\000\137\000p\000r\000i\000n\000c\000i\000p\000a\000l}{subsection.4.1.3}
\BOOKMARK [3][-]{subsubsection.4.1.3.6}{\376\377\000s\000a\000l\000v\000a\000\137\000d\000a\000d\000o\000s}{subsection.4.1.3}
\BOOKMARK [2][-]{subsection.4.1.4}{\376\377\000V\000a\000r\000i\000a\000b\000l\000e\000\040\000D\000o\000c\000u\000m\000e\000n\000t\000a\000t\000i\000o\000n}{section.4.1}
\BOOKMARK [3][-]{subsubsection.4.1.4.1}{\376\377\000e\000q\000u\000i\000p}{subsection.4.1.4}
\BOOKMARK [3][-]{subsubsection.4.1.4.2}{\376\377\000j\000o\000g}{subsection.4.1.4}
\BOOKMARK [3][-]{subsubsection.4.1.4.3}{\376\377\000r\000e\000s\000u\000l\000t}{subsection.4.1.4}
\BOOKMARK [1][-]{section.4.2}{\376\377\000m\000e\000n\000u\000\137\0001\000.\000c\000\040\000F\000i\000l\000e\000\040\000R\000e\000f\000e\000r\000e\000n\000c\000e}{chapter.4}
\BOOKMARK [2][-]{subsection.4.2.1}{\376\377\000F\000u\000n\000c\000t\000i\000o\000n\000\040\000D\000o\000c\000u\000m\000e\000n\000t\000a\000t\000i\000o\000n}{section.4.2}
\BOOKMARK [3][-]{subsubsection.4.2.1.1}{\376\377\000e\000d\000i\000t\000a\000r\000\137\000e\000q\000u\000i\000p}{subsection.4.2.1}
\BOOKMARK [3][-]{subsubsection.4.2.1.2}{\376\377\000e\000d\000i\000t\000a\000r\000\137\000j\000o\000g}{subsection.4.2.1}
\BOOKMARK [3][-]{subsubsection.4.2.1.3}{\376\377\000e\000q\000\137\000l\000i\000s\000t}{subsection.4.2.1}
\BOOKMARK [3][-]{subsubsection.4.2.1.4}{\376\377\000i\000n\000s\000e\000r\000i\000r\000\137\000e\000q\000u\000i\000p}{subsection.4.2.1}
\BOOKMARK [3][-]{subsubsection.4.2.1.5}{\376\377\000i\000n\000s\000e\000r\000i\000r\000\137\000j\000o\000g}{subsection.4.2.1}
\BOOKMARK [3][-]{subsubsection.4.2.1.6}{\376\377\000l\000i\000s\000t\000a\000r\000\137\000e\000q\000u\000i\000p}{subsection.4.2.1}
\BOOKMARK [3][-]{subsubsection.4.2.1.7}{\376\377\000l\000i\000s\000t\000a\000r\000\137\000j\000o\000g}{subsection.4.2.1}
\BOOKMARK [3][-]{subsubsection.4.2.1.8}{\376\377\000l\000i\000s\000t\000a\000r\000\137\000j\000o\000g\000\137\000a}{subsection.4.2.1}
\BOOKMARK [3][-]{subsubsection.4.2.1.9}{\376\377\000l\000i\000s\000t\000a\000r\000\137\000j\000o\000g\000x}{subsection.4.2.1}
\BOOKMARK [3][-]{subsubsection.4.2.1.10}{\376\377\000m\000e\000n\000u\000\137\0001}{subsection.4.2.1}
\BOOKMARK [3][-]{subsubsection.4.2.1.11}{\376\377\000r\000e\000g\000i\000s\000t\000a\000r\000\137\000j\000o\000g\000o\000s}{subsection.4.2.1}
\BOOKMARK [3][-]{subsubsection.4.2.1.12}{\376\377\000t\000r\000a\000n\000f\000e\000r\000i\000r\000\137\000j\000o\000g}{subsection.4.2.1}
\BOOKMARK [3][-]{subsubsection.4.2.1.13}{\376\377\000v\000e\000r\000\137\000j\000o\000g\000o\000s}{subsection.4.2.1}
\BOOKMARK [1][-]{section.4.3}{\376\377\000m\000e\000n\000u\000\137\0002\000.\000c\000\040\000F\000i\000l\000e\000\040\000R\000e\000f\000e\000r\000e\000n\000c\000e}{chapter.4}
\BOOKMARK [2][-]{subsection.4.3.1}{\376\377\000F\000u\000n\000c\000t\000i\000o\000n\000\040\000D\000o\000c\000u\000m\000e\000n\000t\000a\000t\000i\000o\000n}{section.4.3}
\BOOKMARK [3][-]{subsubsection.4.3.1.1}{\376\377\000j\000o\000g\000\137\000e\000q\000u\000i\000p}{subsection.4.3.1}
\BOOKMARK [3][-]{subsubsection.4.3.1.2}{\376\377\000j\000o\000g\000\137\000i\000d\000a\000d\000e}{subsection.4.3.1}
\BOOKMARK [3][-]{subsubsection.4.3.1.3}{\376\377\000j\000o\000g\000\137\000p\000o\000s}{subsection.4.3.1}
\BOOKMARK [3][-]{subsubsection.4.3.1.4}{\376\377\000m\000e\000n\000u\000\137\0002}{subsection.4.3.1}
\BOOKMARK [3][-]{subsubsection.4.3.1.5}{\376\377\000r\000e\000s\000u\000l\000t\000\137\000e\000q\000u\000i\000p}{subsection.4.3.1}
\BOOKMARK [1][-]{section.4.4}{\376\377\000m\000e\000n\000u\000\137\0003\000.\000c\000\040\000F\000i\000l\000e\000\040\000R\000e\000f\000e\000r\000e\000n\000c\000e}{chapter.4}
\BOOKMARK [2][-]{subsection.4.4.1}{\376\377\000F\000u\000n\000c\000t\000i\000o\000n\000\040\000D\000o\000c\000u\000m\000e\000n\000t\000a\000t\000i\000o\000n}{section.4.4}
\BOOKMARK [3][-]{subsubsection.4.4.1.1}{\376\377\000m\000e\000d\000g\000o\000l\000o\000s}{subsection.4.4.1}
\BOOKMARK [3][-]{subsubsection.4.4.1.2}{\376\377\000m\000e\000d\000i\000d\000a\000d\000e\000s}{subsection.4.4.1}
\BOOKMARK [3][-]{subsubsection.4.4.1.3}{\376\377\000m\000e\000n\000u\000\137\0003}{subsection.4.4.1}
\BOOKMARK [3][-]{subsubsection.4.4.1.4}{\376\377\000m\000m\000a\000r\000c\000a\000d\000o\000r}{subsection.4.4.1}
